<?xml version="1.0" encoding="UTF-8"?>
<!-- Generated by org.testng.reporters.JUnitXMLReporter -->
<testsuite hostname="Ansley-PC" ignored="0" name="Command line test" tests="3" failures="0" timestamp="28 Feb 2019 03:33:09 GMT" time="0.035" errors="0">
  <testcase name="print" time="0.007" classname="qaclickacademy.AppiumTest"/>
  <testcase name="print2" time="0.0" classname="qaclickacademy.RESTAPITest"/>
  <testcase name="print" time="0.0" classname="qaclickacademy.SeleniumTest"/>
</testsuite> <!-- Command line test -->
