<?xml version="1.0" encoding="UTF-8"?>
<testng-results skipped="0" failed="0" ignored="0" total="3" passed="3">
  <reporter-output>
  </reporter-output>
  <suite name="Command line suite" duration-ms="35" started-at="2019-02-28T03:33:09Z" finished-at="2019-02-28T03:33:09Z">
    <groups>
    </groups>
    <test name="Command line test" duration-ms="35" started-at="2019-02-28T03:33:09Z" finished-at="2019-02-28T03:33:09Z">
      <class name="qaclickacademy.AppiumTest">
        <test-method status="PASS" signature="print()[pri:0, instance:qaclickacademy.AppiumTest@4157f54e]" name="print" duration-ms="7" started-at="2019-02-28T03:33:09Z" finished-at="2019-02-28T03:33:09Z">
          <reporter-output>
          </reporter-output>
        </test-method> <!-- print -->
      </class> <!-- qaclickacademy.AppiumTest -->
      <class name="qaclickacademy.RESTAPITest">
        <test-method status="PASS" signature="print2()[pri:0, instance:qaclickacademy.RESTAPITest@90f6bfd]" name="print2" duration-ms="0" started-at="2019-02-28T03:33:09Z" finished-at="2019-02-28T03:33:09Z">
          <reporter-output>
          </reporter-output>
        </test-method> <!-- print2 -->
      </class> <!-- qaclickacademy.RESTAPITest -->
      <class name="qaclickacademy.SeleniumTest">
        <test-method status="PASS" signature="print()[pri:0, instance:qaclickacademy.SeleniumTest@47f6473]" name="print" duration-ms="0" started-at="2019-02-28T03:33:09Z" finished-at="2019-02-28T03:33:09Z">
          <reporter-output>
          </reporter-output>
        </test-method> <!-- print -->
      </class> <!-- qaclickacademy.SeleniumTest -->
    </test> <!-- Command line test -->
  </suite> <!-- Command line suite -->
</testng-results>
